<?xml version="1.0" encoding="UTF-8"?>
<!-- Generated by org.testng.reporters.JUnitReportReporter -->
<testsuite hostname="FJOSEBAB1" failures="0" tests="1" name="com.thetestingacademy.ATB9xSeleniumAdavanceFramework.Tests.orangeHRTestCases.TestOrangeHR_POM" time="16.379" errors="0" timestamp="2025-01-17T13:15:57 IST" skipped="0">
  <testcase classname="com.thetestingacademy.ATB9xSeleniumAdavanceFramework.Tests.orangeHRTestCases.TestOrangeHR_POM" name="testLoginPositive" time="16.379"/>
</testsuite> <!-- com.thetestingacademy.ATB9xSeleniumAdavanceFramework.Tests.orangeHRTestCases.TestOrangeHR_POM -->
