<?xml version="1.0" encoding="UTF-8"?>
<!-- Generated by org.testng.reporters.JUnitReportReporter -->
<testsuite hostname="FJOSEBAB1" failures="0" tests="1" name="com.thetestingacademy.ATB9xSeleniumAdavanceFramework.Tests.katalonCuraTestCases.TestkatalonCura_POM" time="15.815" errors="0" timestamp="2025-01-17T21:55:01 IST" skipped="0">
  <testcase classname="com.thetestingacademy.ATB9xSeleniumAdavanceFramework.Tests.katalonCuraTestCases.TestkatalonCura_POM" name="testkatalon" time="15.815"/>
</testsuite> <!-- com.thetestingacademy.ATB9xSeleniumAdavanceFramework.Tests.katalonCuraTestCases.TestkatalonCura_POM -->
