<?xml version="1.0" encoding="UTF-8"?>
<!-- Generated by org.testng.reporters.JUnitReportReporter -->
<testsuite hostname="FJOSEBAB1" failures="0" tests="1" name="com.thetestingacademy.ATB9xSeleniumAdavanceFramework.Tests.katalonCuraTestCases.TestkatalonCura_POM" time="21.959" errors="0" timestamp="2025-01-18T15:35:46 IST" skipped="0">
  <testcase classname="com.thetestingacademy.ATB9xSeleniumAdavanceFramework.Tests.katalonCuraTestCases.TestkatalonCura_POM" name="testkatalon" time="21.959"/>
</testsuite> <!-- com.thetestingacademy.ATB9xSeleniumAdavanceFramework.Tests.katalonCuraTestCases.TestkatalonCura_POM -->
