<?xml version="1.0" encoding="UTF-8"?>
<!-- Generated by org.testng.reporters.JUnitReportReporter -->
<testsuite hostname="FJOSEBAB1" failures="0" tests="2" name="com.thetestingacademy.ATB9xSeleniumAdavanceFramework.Tests.vwoTestCases.PageFactory.TestVWOLogin_04_POM_PropertiesReader" time="77.321" errors="0" timestamp="2025-01-24T21:08:04 IST" skipped="0">
  <testcase classname="com.thetestingacademy.ATB9xSeleniumAdavanceFramework.Tests.vwoTestCases.PageFactory.TestVWOLogin_04_POM_PropertiesReader" name="testLoginPositiveVWO" time="52.136"/>
  <testcase classname="com.thetestingacademy.ATB9xSeleniumAdavanceFramework.Tests.vwoTestCases.PageFactory.TestVWOLogin_04_POM_PropertiesReader" name="testLoginNegativeVWO" time="25.185"/>
</testsuite> <!-- com.thetestingacademy.ATB9xSeleniumAdavanceFramework.Tests.vwoTestCases.PageFactory.TestVWOLogin_04_POM_PropertiesReader -->
