<?xml version="1.0" encoding="UTF-8"?>
<!-- Generated by org.testng.reporters.JUnitReportReporter -->
<testsuite hostname="FJOSEBAB1" failures="0" tests="2" name="com.thetestingacademy.ATB9xSeleniumAdavanceFramework.Tests.Sample.TestSample" time="0.139" errors="0" timestamp="2025-01-10T20:54:07 IST" skipped="0">
  <testcase classname="com.thetestingacademy.ATB9xSeleniumAdavanceFramework.Tests.Sample.TestSample" name="testSample1" time="0.011"/>
  <testcase classname="com.thetestingacademy.ATB9xSeleniumAdavanceFramework.Tests.Sample.TestSample" name="testSample0" time="0.128"/>
</testsuite> <!-- com.thetestingacademy.ATB9xSeleniumAdavanceFramework.Tests.Sample.TestSample -->
