<?xml version="1.0" encoding="UTF-8"?>
<!-- Generated by org.testng.reporters.JUnitReportReporter -->
<testsuite hostname="FJOSEBAB1" failures="0" tests="2" name="com.thetestingacademy.ATB9xSeleniumAdavanceFramework.Tests.vwoTestCases.PageFactory.TestVWOLogin_06_Improved_POM_PropertiesReader_DriverManager" time="71.604" errors="0" timestamp="2025-01-25T19:09:23 IST" skipped="0">
  <testcase classname="com.thetestingacademy.ATB9xSeleniumAdavanceFramework.Tests.vwoTestCases.PageFactory.TestVWOLogin_06_Improved_POM_PropertiesReader_DriverManager" name="testLoginNegativeVWO" time="26.771"/>
  <testcase classname="com.thetestingacademy.ATB9xSeleniumAdavanceFramework.Tests.vwoTestCases.PageFactory.TestVWOLogin_06_Improved_POM_PropertiesReader_DriverManager" name="testLoginPositiveVWO" time="44.833"/>
</testsuite> <!-- com.thetestingacademy.ATB9xSeleniumAdavanceFramework.Tests.vwoTestCases.PageFactory.TestVWOLogin_06_Improved_POM_PropertiesReader_DriverManager -->
