<?xml version="1.0" encoding="UTF-8"?>
<!-- Generated by org.testng.reporters.JUnitReportReporter -->
<testsuite hostname="FJOSEBAB1" failures="0" tests="1" name="com.thetestingacademy.ATB9xSeleniumAdavanceFramework.Tests.vwoTestCases.TestVWOLogin_POM" time="45.806" errors="0" timestamp="2025-01-17T12:36:19 IST" skipped="0">
  <testcase classname="com.thetestingacademy.ATB9xSeleniumAdavanceFramework.Tests.vwoTestCases.TestVWOLogin_POM" name="testLoginPositiveVWO" time="45.806"/>
</testsuite> <!-- com.thetestingacademy.ATB9xSeleniumAdavanceFramework.Tests.vwoTestCases.TestVWOLogin_POM -->
